<<<<<<< HEAD
Base path: C:/Program Files/Unity/Editor/Data
<<<<<<< HEAD
<<<<<<< HEAD
<<<<<<< HEAD
Cmd: initializeCompiler
=======
>>>>>>> parent of e86c4fb... Merge branch 'master' of https://github.com/FellowshipOfTheGame/treinamento2018-g2
Cmd: initializeCompiler
=======
>>>>>>> parent of 73a9951... Abner merge
=======
>>>>>>> parent of 73a9951... Abner merge
Cmd: initializeCompiler
Cmd: initializeCompiler
=======
Base path: C:/Program Files/Unity2018/Editor/Data
>>>>>>> parent of 1f72061... Finalmente, vou add meu puzzle aqui
Cmd: initializeCompiler
Cmd: initializeCompiler
